12:43:08 **** Build of configuration Default for project BLE_GLS ****
make 
rm -rf _build
echo  Makefile
Makefile
mkdir _build
Compiling file: RTT_Syscalls_GCC.c
Compiling file: SEGGER_RTT.c
Compiling file: SEGGER_RTT_printf.c
Compiling file: app_button.c
Compiling file: app_error.c
Compiling file: app_fifo.c
Compiling file: app_timer.c
Compiling file: app_trace.c
Compiling file: nrf_assert.c
Compiling file: nrf_log.c
Compiling file: retarget.c
Compiling file: sensorsim.c
Compiling file: app_uart_fifo.c
Compiling file: nrf_delay.c
Compiling file: nrf_drv_common.c
Compiling file: nrf_drv_gpiote.c
Compiling file: nrf_drv_uart.c
Compiling file: pstorage.c
Compiling file: bsp.c
Compiling file: bsp_btn_ble.c
Compiling file: main.c
Compiling file: ble_advdata.c
Compiling file: ble_advertising.c
Compiling file: ble_bas.c
Compiling file: ble_conn_params.c
Compiling file: ble_dis.c
Compiling file: ble_gls.c
Compiling file: ble_gls_db.c
Compiling file: ble_racp.c
Compiling file: ble_srv_common.c
Compiling file: device_manager_peripheral.c
Compiling file: system_nrf51.c
Compiling file: softdevice_handler.c
Compiling file: gcc_startup_nrf51.s
Linking target: nrf51422_xxac_s130.out
Preparing: nrf51422_xxac_s130.bin
Preparing: nrf51422_xxac_s130.hex

   text	   data	    bss	    dec	    hex	filename
  34548	    140	   5212	  39900	   9bdc	_build/nrf51422_xxac_s130.out

